
final.elf:     file format elf32-littlearm


Disassembly of section .text:

00000000 <vector_table>:
   0:	20001ffc 	strdcs	r1, [r0], -ip
   4:	00000153 	andeq	r0, r0, r3, asr r1
	...

0000014c <main>:
#define RAM_START  0x20000000U
#define RAM_LENGTH 8192U
#define RAM_END    RAM_START + RAM_LENGTH
#define STACK      RAM_END - 4

int main() {
 14c:	b480      	push	{r7}
 14e:	af00      	add	r7, sp, #0
    while(1);
 150:	e7fe      	b.n	150 <main+0x4>

00000152 <reset_hdlr>:
};


int reset_hdlr() {
 152:	b580      	push	{r7, lr}
 154:	af00      	add	r7, sp, #0
    main();
 156:	f7ff fff9 	bl	14c <main>
    while(1) {}
 15a:	e7fe      	b.n	15a <reset_hdlr+0x8>

Disassembly of section .debug_info:

00000000 <.debug_info>:
   0:	00000089 	andeq	r0, r0, r9, lsl #1
   4:	04010005 	streq	r0, [r1], #-5
   8:	00000000 	andeq	r0, r0, r0
   c:	00001702 	andeq	r1, r0, r2, lsl #14
  10:	000d1d00 	andeq	r1, sp, r0, lsl #26
  14:	006a0000 	rsbeq	r0, sl, r0
  18:	014c0000 	mrseq	r0, (UNDEF: 76)
  1c:	00100000 	andseq	r0, r0, r0
  20:	00000000 	andeq	r0, r0, r0
  24:	42030000 	andmi	r0, r3, #0
  28:	36000000 	strcc	r0, [r0], -r0
  2c:	04000000 	streq	r0, [r0], #-0
  30:	0000003b 	andeq	r0, r0, fp, lsr r0
  34:	26010052 			@ <UNDEFINED> instruction: 0x26010052
  38:	05000000 	streq	r0, [r0, #-0]
  3c:	00000704 	andeq	r0, r0, r4, lsl #14
  40:	3b010000 	blcc	40048 <_etext+0x3feec>
  44:	06000000 	streq	r0, [r0], -r0
  48:	00000099 	muleq	r0, r9, r0
  4c:	36411001 	strbcc	r1, [r1], -r1
  50:	05000000 	streq	r0, [r0, #-0]
  54:	00000003 	andeq	r0, r0, r3
  58:	00890700 	addeq	r0, r9, r0, lsl #14
  5c:	0b010000 	bleq	40064 <_etext+0x3ff08>
  60:	00006f05 	andeq	r6, r0, r5, lsl #30
  64:	00015200 	andeq	r5, r1, r0, lsl #4
  68:	00000a00 	andeq	r0, r0, r0, lsl #20
  6c:	089c0100 	ldmeq	ip, {r8}
  70:	6e690504 	cdpvs	5, 6, cr0, cr9, cr4, {0}
  74:	94090074 	strls	r0, [r9], #-116	@ 0xffffff8c
  78:	01000000 	mrseq	r0, (UNDEF: 0)
  7c:	006f0506 	rsbeq	r0, pc, r6, lsl #10
  80:	014c0000 	mrseq	r0, (UNDEF: 76)
  84:	00060000 	andeq	r0, r6, r0
  88:	9c010000 	stcls	0, cr0, [r1], {-0}
	...

Disassembly of section .debug_abbrev:

00000000 <.debug_abbrev>:
   0:	49003501 	stmdbmi	r0, {r0, r8, sl, ip, sp}
   4:	02000013 	andeq	r0, r0, #19
   8:	0e250111 	mcreq	1, 1, r0, cr5, cr1, {0}
   c:	0e030b13 	vmoveq.32	d3[0], r0
  10:	01110e1b 	tsteq	r1, fp, lsl lr
  14:	17100612 			@ <UNDEFINED> instruction: 0x17100612
  18:	01030000 	mrseq	r0, (UNDEF: 3)
  1c:	01134901 	tsteq	r3, r1, lsl #18
  20:	04000013 	streq	r0, [r0], #-19	@ 0xffffffed
  24:	13490021 	movtne	r0, #36897	@ 0x9021
  28:	00000b2f 	andeq	r0, r0, pc, lsr #22
  2c:	0b002405 	bleq	9048 <_etext+0x8eec>
  30:	030b3e0b 	movweq	r3, #48651	@ 0xbe0b
  34:	0600000e 	streq	r0, [r0], -lr
  38:	0e030034 	mcreq	0, 0, r0, cr3, cr4, {1}
  3c:	0b3b0b3a 	bleq	ec2d2c <_etext+0xec2bd0>
  40:	13490b39 	movtne	r0, #39737	@ 0x9b39
  44:	1802193f 	stmdane	r2, {r0, r1, r2, r3, r4, r5, r8, fp, ip}
  48:	2e070000 	cdpcs	0, 0, cr0, cr7, cr0, {0}
  4c:	03193f00 	tsteq	r9, #0, 30
  50:	3b0b3a0e 	blcc	2ce890 <_etext+0x2ce734>
  54:	490b390b 	stmdbmi	fp, {r0, r1, r3, r8, fp, ip, sp}
  58:	12011113 	andne	r1, r1, #-1073741820	@ 0xc0000004
  5c:	7c184006 	ldcvc	0, cr4, [r8], {6}
  60:	08000019 	stmdaeq	r0, {r0, r3, r4}
  64:	0b0b0024 	bleq	2c00fc <_etext+0x2bffa0>
  68:	08030b3e 	stmdaeq	r3, {r1, r2, r3, r4, r5, r8, r9, fp}
  6c:	2e090000 	cdpcs	0, 0, cr0, cr9, cr0, {0}
  70:	03193f00 	tsteq	r9, #0, 30
  74:	3b0b3a0e 	blcc	2ce8b4 <_etext+0x2ce758>
  78:	490b390b 	stmdbmi	fp, {r0, r1, r3, r8, fp, ip, sp}
  7c:	12011113 	andne	r1, r1, #-1073741820	@ 0xc0000004
  80:	7a184006 	bvc	6100a0 <_etext+0x60ff44>
  84:	00000019 	andeq	r0, r0, r9, lsl r0

Disassembly of section .debug_aranges:

00000000 <.debug_aranges>:
   0:	0000001c 	andeq	r0, r0, ip, lsl r0
   4:	00000002 	andeq	r0, r0, r2
   8:	00040000 	andeq	r0, r4, r0
   c:	00000000 	andeq	r0, r0, r0
  10:	0000014c 	andeq	r0, r0, ip, asr #2
  14:	00000010 	andeq	r0, r0, r0, lsl r0
	...

Disassembly of section .debug_line:

00000000 <.debug_line>:
   0:	00000041 	andeq	r0, r0, r1, asr #32
   4:	00200003 	eoreq	r0, r0, r3
   8:	01020000 	mrseq	r0, (UNDEF: 2)
   c:	000d0efb 	strdeq	r0, [sp], -fp
  10:	01010101 	tsteq	r1, r1, lsl #2
  14:	01000000 	mrseq	r0, (UNDEF: 0)
  18:	00010000 	andeq	r0, r1, r0
  1c:	72617473 	rsbvc	r7, r1, #1929379840	@ 0x73000000
  20:	2e707574 	mrccs	5, 3, r7, cr0, cr4, {3}
  24:	00000063 	andeq	r0, r0, r3, rrx
  28:	0c050000 	stceq	0, cr0, [r5], {-0}
  2c:	4c020500 	cfstr32mi	mvfx0, [r2], {-0}
  30:	17000001 	strne	r0, [r0, -r1]
  34:	052f0a05 	streq	r0, [pc, #-2565]!	@ fffff637 <_etext+0xfffff4db>
  38:	05052412 	streq	r2, [r5, #-1042]	@ 0xfffffbee
  3c:	2f0a052f 	svccs	0x000a052f
  40:	01000102 	tsteq	r0, r2, lsl #2
  44:	Address 0x44 is out of bounds.


Disassembly of section .debug_str:

00000000 <.debug_str>:
   0:	69736e75 	ldmdbvs	r3!, {r0, r2, r4, r5, r6, r9, sl, fp, sp, lr}^
   4:	64656e67 	strbtvs	r6, [r5], #-3687	@ 0xfffff199
   8:	746e6920 	strbtvc	r6, [lr], #-2336	@ 0xfffff6e0
   c:	61747300 	cmnvs	r4, r0, lsl #6
  10:	70757472 	rsbsvc	r7, r5, r2, ror r4
  14:	4700632e 	strmi	r6, [r0, -lr, lsr #6]
  18:	4320554e 			@ <UNDEFINED> instruction: 0x4320554e
  1c:	31203731 			@ <UNDEFINED> instruction: 0x31203731
  20:	2e322e33 	mrccs	14, 1, r2, cr2, cr3, {1}
  24:	30322031 	eorscc	r2, r2, r1, lsr r0
  28:	30313332 	eorscc	r3, r1, r2, lsr r3
  2c:	2d203930 			@ <UNDEFINED> instruction: 0x2d203930
  30:	7568746d 	strbvc	r7, [r8, #-1133]!	@ 0xfffffb93
  34:	2d20626d 	sfmcs	f6, 4, [r0, #-436]!	@ 0xfffffe4c
  38:	7570636d 	ldrbvc	r6, [r0, #-877]!	@ 0xfffffc93
  3c:	726f633d 	rsbvc	r6, pc, #-201326592	@ 0xf4000000
  40:	2d786574 	cfldr64cs	mvdx6, [r8, #-464]!	@ 0xfffffe30
  44:	2d20336d 	stccs	3, cr3, [r0, #-436]!	@ 0xfffffe4c
  48:	6f6c666d 	svcvs	0x006c666d
  4c:	612d7461 			@ <UNDEFINED> instruction: 0x612d7461
  50:	733d6962 	teqvc	sp, #1605632	@ 0x188000
  54:	2074666f 	rsbscs	r6, r4, pc, ror #12
  58:	72616d2d 	rsbvc	r6, r1, #2880	@ 0xb40
  5c:	613d6863 	teqvs	sp, r3, ror #16
  60:	37766d72 			@ <UNDEFINED> instruction: 0x37766d72
  64:	2d206d2d 	stccs	13, cr6, [r0, #-180]!	@ 0xffffff4c
  68:	772f0067 	strvc	r0, [pc, -r7, rrx]!
  6c:	736b726f 	cmnvc	fp, #-268435450	@ 0xf0000006
  70:	65636170 	strbvs	r6, [r3, #-368]!	@ 0xfffffe90
  74:	6f572f73 	svcvs	0x00572f73
  78:	656c6262 	strbvs	r6, [ip, #-610]!	@ 0xfffffd9e
  7c:	676e6957 			@ <UNDEFINED> instruction: 0x676e6957
  80:	6f72502f 	svcvs	0x0072502f
  84:	7463656a 	strbtvc	r6, [r3], #-1386	@ 0xfffffa96
  88:	73657200 	cmnvc	r5, #0, 4
  8c:	685f7465 	ldmdavs	pc, {r0, r2, r5, r6, sl, ip, sp, lr}^	@ <UNPREDICTABLE>
  90:	00726c64 	rsbseq	r6, r2, r4, ror #24
  94:	6e69616d 	powvsez	f6, f1, #5.0
  98:	63657600 	cmnvs	r5, #0, 12
  9c:	5f726f74 	svcpl	0x00726f74
  a0:	6c626174 	stfvse	f6, [r2], #-464	@ 0xfffffe30
  a4:	Address 0xa4 is out of bounds.


Disassembly of section .comment:

00000000 <.comment>:
   0:	3a434347 	bcc	10d0d24 <_etext+0x10d0bc8>
   4:	35312820 	ldrcc	r2, [r1, #-2080]!	@ 0xfffff7e0
   8:	2e33313a 	mrccs	1, 1, r3, cr3, cr10, {1}
   c:	65722e32 	ldrbvs	r2, [r2, #-3634]!	@ 0xfffff1ce
  10:	322d316c 	eorcc	r3, sp, #108, 2
  14:	33312029 	teqcc	r1, #41	@ 0x29
  18:	312e322e 			@ <UNDEFINED> instruction: 0x312e322e
  1c:	32303220 	eorscc	r3, r0, #32, 4
  20:	30303133 	eorscc	r3, r0, r3, lsr r1
  24:	Address 0x24 is out of bounds.


Disassembly of section .ARM.attributes:

00000000 <.ARM.attributes>:
   0:	00002c41 	andeq	r2, r0, r1, asr #24
   4:	61656100 	cmnvs	r5, r0, lsl #2
   8:	01006962 	tsteq	r0, r2, ror #18
   c:	00000022 	andeq	r0, r0, r2, lsr #32
  10:	4d2d3705 	stcmi	7, cr3, [sp, #-20]!	@ 0xffffffec
  14:	070a0600 	streq	r0, [sl, -r0, lsl #12]
  18:	1202094d 	andne	r0, r2, #1261568	@ 0x134000
  1c:	15011404 	strne	r1, [r1, #-1028]	@ 0xfffffbfc
  20:	18031701 	stmdane	r3, {r0, r8, r9, sl, ip}
  24:	1a011901 	bne	46430 <_etext+0x462d4>
  28:	22061e01 	andcs	r1, r6, #1, 28
  2c:	Address 0x2c is out of bounds.


Disassembly of section .debug_frame:

00000000 <.debug_frame>:
   0:	0000000c 	andeq	r0, r0, ip
   4:	ffffffff 			@ <UNDEFINED> instruction: 0xffffffff
   8:	7c020001 	stcvc	0, cr0, [r2], {1}
   c:	000d0c0e 	andeq	r0, sp, lr, lsl #24
  10:	00000014 	andeq	r0, r0, r4, lsl r0
  14:	00000000 	andeq	r0, r0, r0
  18:	0000014c 	andeq	r0, r0, ip, asr #2
  1c:	00000006 	andeq	r0, r0, r6
  20:	87040e41 	strhi	r0, [r4, -r1, asr #28]
  24:	070d4101 	streq	r4, [sp, -r1, lsl #2]
  28:	00000018 	andeq	r0, r0, r8, lsl r0
  2c:	00000000 	andeq	r0, r0, r0
  30:	00000152 	andeq	r0, r0, r2, asr r1
  34:	0000000a 	andeq	r0, r0, sl
  38:	87080e41 	strhi	r0, [r8, -r1, asr #28]
  3c:	41018e02 	tstmi	r1, r2, lsl #28
  40:	0000070d 	andeq	r0, r0, sp, lsl #14
